ExecName (PID=0): [System Process] (Prior=0)
ExecName (PID=4): System (Prior=8)
ExecName (PID=316): smss.exe (Prior=11)
ExecName (PID=440): csrss.exe (Prior=13)
ExecName (PID=464): winlogon.exe (Prior=13)
ExecName (PID=508): services.exe (Prior=9)
ExecName (PID=520): lsass.exe (Prior=9)
ExecName (PID=724): svchost.exe (Prior=8)
ExecName (PID=772): svchost.exe (Prior=8)
ExecName (PID=836): svchost.exe (Prior=8)
ExecName (PID=928): svchost.exe (Prior=8)
ExecName (PID=960): svchost.exe (Prior=8)
ExecName (PID=1120): spoolsv.exe (Prior=8)
ExecName (PID=1248): DWRCS.EXE (Prior=8)
ExecName (PID=1284): inetinfo.exe (Prior=8)
ExecName (PID=1308): ramaint.exe (Prior=8)
ExecName (PID=1412): LogMeIn.exe (Prior=8)
ExecName (PID=1448): MDM.EXE (Prior=8)
ExecName (PID=1500): cygrunsrv.exe (Prior=8)
ExecName (PID=1552): TNSLSNR.EXE (Prior=8)
ExecName (PID=1616): sshd.exe (Prior=8)
ExecName (PID=1644): PrfldSvc.exe (Prior=8)
ExecName (PID=1680): TmListen.exe (Prior=8)
ExecName (PID=1716): Wuser32.exe (Prior=8)
ExecName (PID=1824): Fast.exe (Prior=8)
ExecName (PID=1920): CcmExec.exe (Prior=8)
ExecName (PID=1976): OfcPfwSvc.exe (Prior=8)
ExecName (PID=2084): wmiprvse.exe (Prior=8)
ExecName (PID=2268): wmiprvse.exe (Prior=8)
ExecName (PID=12660): explorer.exe (Prior=8)
ExecName (PID=13716): PccNTMon.exe (Prior=8)
ExecName (PID=13960): hkcmd.exe (Prior=8)
ExecName (PID=12720): igfxpers.exe (Prior=8)
ExecName (PID=10792): StartupMonitor.exe (Prior=8)
ExecName (PID=13772): smax4pnp.exe (Prior=8)
ExecName (PID=13208): TaskSwitch.exe (Prior=8)
ExecName (PID=14096): DWRCST.EXE (Prior=8)
ExecName (PID=13972): igfxsrvc.exe (Prior=8)
ExecName (PID=5956): scjview.exe (Prior=8)
ExecName (PID=7160): 4NT.EXE (Prior=8)
ExecName (PID=14240): mmc.exe (Prior=8)
ExecName (PID=11200): cmd.exe (Prior=8)
ExecName (PID=10844): sqlsrvr.exe (Prior=6)
ExecName (PID=13856): cmd.exe (Prior=8)
ExecName (PID=13088): bcksrvr.exe (Prior=8)
ExecName (PID=10816): EXCEL.EXE (Prior=8)
ExecName (PID=12524): datastud.exe (Prior=8)
ExecName (PID=13152): TextPad.exe (Prior=8)
ExecName (PID=13392): aseisql.exe (Prior=8)
ExecName (PID=14044): taskmgr.exe (Prior=13)
ExecName (PID=3660): NTRtScan.exe (Prior=8)
ExecName (PID=2684): CU1E7A.EXE (Prior=8)
ExecName (PID=11708): OUTLOOK.EXE (Prior=8)
ExecName (PID=9364): WINWORD.EXE (Prior=8)
ExecName (PID=2344): cmd.exe (Prior=8)
ExecName (PID=2056): isql.exe (Prior=8)
ExecName (PID=6184): YoonoCompanion.exe (Prior=8)
ExecName (PID=6324): firefox.exe (Prior=8)
ExecName (PID=8940): thunderbird.exe (Prior=8)
ExecName (PID=8872): putty.exe (Prior=8)
ExecName (PID=7156): bcb.exe (Prior=8)
ExecName (PID=5048): winhlp32.exe (Prior=8)
ExecName (PID=9700): ProcessGuard.exe (Prior=8)
ExecName (PID=12572): FILEMON.EXE (Prior=8)
